Assembler report for ECE241Project
<<<<<<< HEAD
Sun Nov 25 01:26:11 2018
=======
Sun Nov 25 19:08:51 2018
>>>>>>> 622041dea1303b7bf767fafeb3c1a43c8e109b01
Quartus Prime Version 18.0.0 Build 614 04/24/2018 SJ Lite Edition


---------------------
; Table of Contents ;
---------------------
  1. Legal Notice
  2. Assembler Summary
  3. Assembler Settings
  4. Assembler Generated Files
  5. Assembler Device Options: C:/Users/Maya Murmann/ece241-git/ECE241_Project/output_files/ECE241Project.sof
  6. Assembler Messages



----------------
; Legal Notice ;
----------------
Copyright (C) 2018  Intel Corporation. All rights reserved.
Your use of Intel Corporation's design tools, logic functions 
and other software and tools, and its AMPP partner logic 
functions, and any output files from any of the foregoing 
(including device programming or simulation files), and any 
associated documentation or information are expressly subject 
to the terms and conditions of the Intel Program License 
Subscription Agreement, the Intel Quartus Prime License Agreement,
the Intel FPGA IP License Agreement, or other applicable license
agreement, including, without limitation, that your use is for
the sole purpose of programming logic devices manufactured by
Intel and sold by Intel or its authorized distributors.  Please
refer to the applicable agreement for further details.



+---------------------------------------------------------------+
; Assembler Summary                                             ;
+-----------------------+---------------------------------------+
<<<<<<< HEAD
; Assembler Status      ; Successful - Sun Nov 25 01:26:11 2018 ;
=======
; Assembler Status      ; Successful - Sun Nov 25 19:08:51 2018 ;
>>>>>>> 622041dea1303b7bf767fafeb3c1a43c8e109b01
; Revision Name         ; ECE241Project                         ;
; Top-level Entity Name ; ECE241Project                         ;
; Family                ; Cyclone V                             ;
; Device                ; 5CSEMA5F31C6                          ;
+-----------------------+---------------------------------------+


+----------------------------------+
; Assembler Settings               ;
+--------+---------+---------------+
; Option ; Setting ; Default Value ;
+--------+---------+---------------+


+--------------------------------------------------------------------------------+
; Assembler Generated Files                                                      ;
+--------------------------------------------------------------------------------+
; File Name                                                                      ;
+--------------------------------------------------------------------------------+
; C:/Users/Maya Murmann/ece241-git/ECE241_Project/output_files/ECE241Project.sof ;
+--------------------------------------------------------------------------------+


<<<<<<< HEAD
+----------------------------------------------------------------------------------------------------------+
; Assembler Device Options: C:/Users/Maya Murmann/ece241-git/ECE241_Project/output_files/ECE241Project.sof ;
+----------------+-----------------------------------------------------------------------------------------+
; Option         ; Setting                                                                                 ;
+----------------+-----------------------------------------------------------------------------------------+
; JTAG usercode  ; 0x01B876DB                                                                              ;
; Checksum       ; 0x01B876DB                                                                              ;
+----------------+-----------------------------------------------------------------------------------------+
=======
+-----------------------------------------------------------------------------------------------+
; Assembler Device Options: C:/intelFPGA_lite/18.0/ECE241Project/output_files/ECE241Project.sof ;
+----------------+------------------------------------------------------------------------------+
; Option         ; Setting                                                                      ;
+----------------+------------------------------------------------------------------------------+
; JTAG usercode  ; 0x04B3F12C                                                                   ;
; Checksum       ; 0x04B3F12C                                                                   ;
+----------------+------------------------------------------------------------------------------+
>>>>>>> 622041dea1303b7bf767fafeb3c1a43c8e109b01


+--------------------+
; Assembler Messages ;
+--------------------+
Info: *******************************************************************
Info: Running Quartus Prime Assembler
    Info: Version 18.0.0 Build 614 04/24/2018 SJ Lite Edition
<<<<<<< HEAD
    Info: Processing started: Sun Nov 25 01:25:58 2018
=======
    Info: Processing started: Sun Nov 25 19:08:33 2018
>>>>>>> 622041dea1303b7bf767fafeb3c1a43c8e109b01
Info: Command: quartus_asm --read_settings_files=off --write_settings_files=off ECE241Project -c ECE241Project
Warning (18236): Number of processors has not been specified which may cause overloading on shared machines.  Set the global assignment NUM_PARALLEL_PROCESSORS in your QSF to an appropriate value for best performance.
Info (115030): Assembler is generating device programming files
Info: Quartus Prime Assembler was successful. 0 errors, 1 warning
<<<<<<< HEAD
    Info: Peak virtual memory: 4881 megabytes
    Info: Processing ended: Sun Nov 25 01:26:11 2018
    Info: Elapsed time: 00:00:13
    Info: Total CPU time (on all processors): 00:00:10
=======
    Info: Peak virtual memory: 4908 megabytes
    Info: Processing ended: Sun Nov 25 19:08:51 2018
    Info: Elapsed time: 00:00:18
    Info: Total CPU time (on all processors): 00:00:14
>>>>>>> 622041dea1303b7bf767fafeb3c1a43c8e109b01


