Flow report for ECE241Project
<<<<<<< HEAD
Sat Nov 24 17:50:47 2018
=======
Sun Nov 25 01:04:37 2018
>>>>>>> 5e7c65886967ed764d6eb12581e3e8dec6ffc4e8
Quartus Prime Version 18.0.0 Build 614 04/24/2018 SJ Lite Edition


---------------------
; Table of Contents ;
---------------------
  1. Legal Notice
  2. Flow Summary
  3. Flow Settings
  4. Flow Non-Default Global Settings
  5. Flow Elapsed Time
  6. Flow OS Summary
  7. Flow Log
  8. Flow Messages
  9. Flow Suppressed Messages



----------------
; Legal Notice ;
----------------
Copyright (C) 2018  Intel Corporation. All rights reserved.
Your use of Intel Corporation's design tools, logic functions 
and other software and tools, and its AMPP partner logic 
functions, and any output files from any of the foregoing 
(including device programming or simulation files), and any 
associated documentation or information are expressly subject 
to the terms and conditions of the Intel Program License 
Subscription Agreement, the Intel Quartus Prime License Agreement,
the Intel FPGA IP License Agreement, or other applicable license
agreement, including, without limitation, that your use is for
the sole purpose of programming logic devices manufactured by
Intel and sold by Intel or its authorized distributors.  Please
refer to the applicable agreement for further details.



<<<<<<< HEAD
+---------------------------------------------------------------------------+
; Flow Summary                                                              ;
+-----------------------------+---------------------------------------------+
; Flow Status                 ; Flow Failed - Sat Nov 24 17:50:47 2018      ;
; Quartus Prime Version       ; 18.0.0 Build 614 04/24/2018 SJ Lite Edition ;
; Revision Name               ; ECE241Project                               ;
; Top-level Entity Name       ; ECE241Project                               ;
; Family                      ; Cyclone V                                   ;
; Device                      ; 5CSEMA5F31C6                                ;
; Timing Models               ; Final                                       ;
; Logic utilization (in ALMs) ; N/A until Partition Merge                   ;
; Total registers             ; N/A until Partition Merge                   ;
; Total pins                  ; N/A until Partition Merge                   ;
; Total virtual pins          ; N/A until Partition Merge                   ;
; Total block memory bits     ; N/A until Partition Merge                   ;
; Total PLLs                  ; N/A until Partition Merge                   ;
; Total DLLs                  ; N/A until Partition Merge                   ;
+-----------------------------+---------------------------------------------+
=======
+-------------------------------------------------------------------------------+
; Flow Summary                                                                  ;
+---------------------------------+---------------------------------------------+
; Flow Status                     ; Successful - Sun Nov 25 01:04:23 2018       ;
; Quartus Prime Version           ; 18.0.0 Build 614 04/24/2018 SJ Lite Edition ;
; Revision Name                   ; ECE241Project                               ;
; Top-level Entity Name           ; ECE241Project                               ;
; Family                          ; Cyclone V                                   ;
; Device                          ; 5CSEMA5F31C6                                ;
; Timing Models                   ; Final                                       ;
; Logic utilization (in ALMs)     ; 119 / 32,070 ( < 1 % )                      ;
; Total registers                 ; 130                                         ;
; Total pins                      ; 50 / 457 ( 11 % )                           ;
; Total virtual pins              ; 0                                           ;
; Total block memory bits         ; 518,418 / 4,065,280 ( 13 % )                ;
; Total DSP Blocks                ; 0 / 87 ( 0 % )                              ;
; Total HSSI RX PCSs              ; 0                                           ;
; Total HSSI PMA RX Deserializers ; 0                                           ;
; Total HSSI TX PCSs              ; 0                                           ;
; Total HSSI PMA TX Serializers   ; 0                                           ;
; Total PLLs                      ; 1 / 6 ( 17 % )                              ;
; Total DLLs                      ; 0 / 4 ( 0 % )                               ;
+---------------------------------+---------------------------------------------+
>>>>>>> 5e7c65886967ed764d6eb12581e3e8dec6ffc4e8


+-----------------------------------------+
; Flow Settings                           ;
+-------------------+---------------------+
; Option            ; Setting             ;
+-------------------+---------------------+
<<<<<<< HEAD
; Start date & time ; 11/24/2018 17:50:26 ;
=======
; Start date & time ; 11/25/2018 01:02:15 ;
>>>>>>> 5e7c65886967ed764d6eb12581e3e8dec6ffc4e8
; Main task         ; Compilation         ;
; Revision Name     ; ECE241Project       ;
+-------------------+---------------------+


+-------------------------------------------------------------------------------------------------------------------------+
; Flow Non-Default Global Settings                                                                                        ;
+-------------------------------------+----------------------------------------+---------------+-------------+------------+
; Assignment Name                     ; Value                                  ; Default Value ; Entity Name ; Section Id ;
+-------------------------------------+----------------------------------------+---------------+-------------+------------+
<<<<<<< HEAD
; COMPILER_SIGNATURE_ID               ; 200859174716530.154309982621184        ; --            ; --          ; --         ;
=======
; COMPILER_SIGNATURE_ID               ; 209472083398803.154312573405244        ; --            ; --          ; --         ;
>>>>>>> 5e7c65886967ed764d6eb12581e3e8dec6ffc4e8
; MAX_CORE_JUNCTION_TEMP              ; 85                                     ; --            ; --          ; --         ;
; MIN_CORE_JUNCTION_TEMP              ; 0                                      ; --            ; --          ; --         ;
; MISC_FILE                           ; ram400x9_square_grid_selection_bb.v    ; --            ; --          ; --         ;
; MISC_FILE                           ; ram400x9_tower_bb.v                    ; --            ; --          ; --         ;
; MISC_FILE                           ; ram400x9_car_bb.v                      ; --            ; --          ; --         ;
; MISC_FILE                           ; ram19200x9_map_background_bb.v         ; --            ; --          ; --         ;
; MISC_FILE                           ; rom19200x9_LOSE_bb.v                   ; --            ; --          ; --         ;
; MISC_FILE                           ; rom19200x9_WIN_bb.v                    ; --            ; --          ; --         ;
; MISC_FILE                           ; rom19200x9_SAVE_GPA_bb.v               ; --            ; --          ; --         ;
; MISC_FILE                           ; rom3200x9_stage_1_start_bb.v           ; --            ; --          ; --         ;
; MISC_FILE                           ; rom3200x9_stage_1_clear_bb.v           ; --            ; --          ; --         ;
; MISC_FILE                           ; rom3200x9_stage_2_start_bb.v           ; --            ; --          ; --         ;
; MISC_FILE                           ; rom3200x9_stage_2_clear_bb.v           ; --            ; --          ; --         ;
; MISC_FILE                           ; rom3200x9_stage_3_start_bb.v           ; --            ; --          ; --         ;
; MISC_FILE                           ; rom3200x9_stage_3_clear_bb.v           ; --            ; --          ; --         ;
; PARTITION_COLOR                     ; -- (Not supported for targeted family) ; --            ; --          ; Top        ;
; PARTITION_FITTER_PRESERVATION_LEVEL ; -- (Not supported for targeted family) ; --            ; --          ; Top        ;
; PARTITION_NETLIST_TYPE              ; -- (Not supported for targeted family) ; --            ; --          ; Top        ;
; POWER_BOARD_THERMAL_MODEL           ; None (CONSERVATIVE)                    ; --            ; --          ; --         ;
; POWER_PRESET_COOLING_SOLUTION       ; 23 MM HEAT SINK WITH 200 LFPM AIRFLOW  ; --            ; --          ; --         ;
; PROJECT_OUTPUT_DIRECTORY            ; output_files                           ; --            ; --          ; --         ;
+-------------------------------------+----------------------------------------+---------------+-------------+------------+


+--------------------------------------------------------------------------------------------------------------------------+
; Flow Elapsed Time                                                                                                        ;
+----------------------+--------------+-------------------------+---------------------+------------------------------------+
; Module Name          ; Elapsed Time ; Average Processors Used ; Peak Virtual Memory ; Total CPU Time (on all processors) ;
+----------------------+--------------+-------------------------+---------------------+------------------------------------+
<<<<<<< HEAD
; Analysis & Synthesis ; 00:00:22     ; 1.0                     ; 4797 MB             ; 00:00:45                           ;
; Total                ; 00:00:22     ; --                      ; --                  ; 00:00:45                           ;
=======
; Analysis & Synthesis ; 00:00:40     ; 1.0                     ; 4897 MB             ; 00:00:43                           ;
; Fitter               ; 00:01:08     ; 1.0                     ; 6379 MB             ; 00:01:42                           ;
; Assembler            ; 00:00:14     ; 1.0                     ; 4877 MB             ; 00:00:09                           ;
; Timing Analyzer      ; 00:00:12     ; 1.2                     ; 5185 MB             ; 00:00:12                           ;
; Total                ; 00:02:14     ; --                      ; --                  ; 00:02:46                           ;
>>>>>>> 5e7c65886967ed764d6eb12581e3e8dec6ffc4e8
+----------------------+--------------+-------------------------+---------------------+------------------------------------+


+------------------------------------------------------------------------------------+
; Flow OS Summary                                                                    ;
+----------------------+------------------+------------+------------+----------------+
; Module Name          ; Machine Hostname ; OS Name    ; OS Version ; Processor type ;
+----------------------+------------------+------------+------------+----------------+
; Analysis & Synthesis ; MayasSurface     ; Windows 10 ; 10.0       ; x86_64         ;
+----------------------+------------------+------------+------------+----------------+


------------
; Flow Log ;
------------
quartus_map --read_settings_files=on --write_settings_files=off ECE241Project -c ECE241Project



